#
# A fatal error has been detected by the Java Runtime Environment:
#
#  EXCEPTION_ACCESS_VIOLATION (0xc0000005) at pc=0x000000006223db52, pid=13588, tid=0x0000000000002ee8
#
# JRE version: Java(TM) SE Runtime Environment (8.0_121-b13) (build 1.8.0_121-b13)
# Java VM: Java HotSpot(TM) 64-Bit Server VM (25.121-b13 mixed mode windows-amd64 compressed oops)
# Problematic frame:
# V  [jvm.dll+0x15db52]
#
# Failed to write core dump. Minidumps are not enabled by default on client versions of Windows
#
# If you would like to submit a bug report, please visit:
#   http://bugreport.java.com/bugreport/crash.jsp
#

---------------  T H R E A D  ---------------

Current thread (0x000000001dfeb000):  JavaThread "LWJGL Application" [_thread_in_vm, id=12008, stack(0x000000001efb0000,0x000000001f0b0000)]

siginfo: ExceptionCode=0xc0000005, reading address 0x0000000000000000

Registers:
RAX=0x0000000000000000, RBX=0x000000001dfeb000, RCX=0x0000000000000b00, RDX=0x0000000000000000
RSP=0x000000001f0aee30, RBP=0x000000001e0a1760, RSI=0x0000000000000000, RDI=0x0000000000000000
R8 =0x0000000000000000, R9 =0x0000000000000001, R10=0x0000000000000012, R11=0x00000000628ed358
R12=0x0000000000000000, R13=0x00000000000004c9, R14=0x000000001f0aef40, R15=0x000000001dfeb000
RIP=0x000000006223db52, EFLAGS=0x0000000000010246

Top of Stack: (sp=0x000000001f0aee30)
0x000000001f0aee30:   000000001b551e08 0000000000000000
0x000000001f0aee40:   000000001dfeb1f8 00000000622237d9
0x000000001f0aee50:   000000001dfeb000 0000000000000000
0x000000001f0aee60:   0000000000000000 000000076d06a850
0x000000001f0aee70:   0000000000000000 0000000065583a1a
0x000000001f0aee80:   000000001dfeb1f8 000000001e0a1760
0x000000001f0aee90:   0000000000000000 0000000000000000
0x000000001f0aeea0:   000000001b6e66f0 000000001ba4ed08
0x000000001f0aeeb0:   000000076d06a8d8 0000000000000000
0x000000001f0aeec0:   000000001f0aef50 0000000000000000
0x000000001f0aeed0:   000000001f0aefc8 0000000002a3cbae
0x000000001f0aeee0:   0000000000000000 00000000ffffffff
0x000000001f0aeef0:   000000076d06a850 000000076d06a910
0x000000001f0aef00:   00000000000004c9 0000000000000000
0x000000001f0aef10:   0000000000000000 000000076d06a8d8
0x000000001f0aef20:   000000001b551e08 0000000000000000 

Instructions: (pc=0x000000006223db52)
0x000000006223db32:   48 8b cb e8 26 d1 f7 ff eb 06 ff 83 c4 02 00 00
0x000000006223db42:   48 85 ff 74 03 c6 07 00 44 0f b6 0d 1f e8 6a 00
0x000000006223db52:   4c 8b 06 8b 0d 4d 1c 64 00 48 8b 15 3e 1c 64 00
0x000000006223db62:   45 84 c9 74 0c 41 8b 40 08 48 d3 e0 48 03 c2 eb 


Register to memory mapping:

RAX=0x0000000000000000 is an unknown value
RBX=0x000000001dfeb000 is a thread
RCX=0x0000000000000b00 is an unknown value
RDX=0x0000000000000000 is an unknown value
RSP=0x000000001f0aee30 is pointing into the stack for thread: 0x000000001dfeb000
RBP=0x000000001e0a1760 is an unknown value
RSI=0x0000000000000000 is an unknown value
RDI=0x0000000000000000 is an unknown value
R8 =0x0000000000000000 is an unknown value
R9 =0x0000000000000001 is an unknown value
R10=0x0000000000000012 is an unknown value
R11=0x00000000628ed358 is an unknown value
R12=0x0000000000000000 is an unknown value
R13=0x00000000000004c9 is an unknown value
R14=0x000000001f0aef40 is pointing into the stack for thread: 0x000000001dfeb000
R15=0x000000001dfeb000 is a thread


Stack: [0x000000001efb0000,0x000000001f0b0000],  sp=0x000000001f0aee30,  free space=1019k
Native frames: (J=compiled Java code, j=interpreted, Vv=VM code, C=native code)
V  [jvm.dll+0x15db52]
C  [gdx64.dll+0x3a1a]
C  0x0000000002a3cbae

Java frames: (J=compiled Java code, j=interpreted, Vv=VM code)
J 648  com.badlogic.gdx.utils.BufferUtils.copyJni([FLjava/nio/Buffer;II)V (0 bytes) @ 0x0000000002a3cb30 [0x0000000002a3cac0+0x70]
J 647 C1 com.badlogic.gdx.utils.BufferUtils.copy([FLjava/nio/Buffer;II)V (45 bytes) @ 0x0000000002a3c5dc [0x0000000002a3c180+0x45c]
j  com.badlogic.gdx.backends.lwjgl.LwjglGL20.toFloatBuffer([FII)Ljava/nio/FloatBuffer;+22
j  com.badlogic.gdx.backends.lwjgl.LwjglGL20.glUniform1fv(II[FI)V+6
j  com.badlogic.gdx.graphics.glutils.ShaderProgram.setUniform1fv(Ljava/lang/String;[FII)V+24
j  edu.cornell.gdiac.mistic.FogController.<init>(IILjava/util/ArrayList;Ledu/cornell/gdiac/mistic/BoardModel;)V+360
j  edu.cornell.gdiac.mistic.GameController.populateLevel()V+861
j  edu.cornell.gdiac.mistic.GameController.reset()V+150
j  edu.cornell.gdiac.GDXRoot.exitScreen(Lcom/badlogic/gdx/Screen;I)V+53
j  edu.cornell.gdiac.LoadingMode.render(F)V+36
j  com.badlogic.gdx.Game.render()V+19
j  com.badlogic.gdx.backends.lwjgl.LwjglApplication.mainLoop()V+698
j  com.badlogic.gdx.backends.lwjgl.LwjglApplication$1.run()V+27
v  ~StubRoutines::call_stub

---------------  P R O C E S S  ---------------

Java Threads: ( => current thread )
  0x000000001dfb9800 JavaThread "LWJGL Timer" daemon [_thread_blocked, id=1536, stack(0x00000000249b0000,0x0000000024ab0000)]
  0x000000001dfb6000 JavaThread "AsynchExecutor-Thread" daemon [_thread_blocked, id=14596, stack(0x00000000248b0000,0x00000000249b0000)]
  0x0000000002663800 JavaThread "DestroyJavaVM" [_thread_blocked, id=8328, stack(0x0000000002560000,0x0000000002660000)]
=>0x000000001dfeb000 JavaThread "LWJGL Application" [_thread_in_vm, id=12008, stack(0x000000001efb0000,0x000000001f0b0000)]
  0x000000001d8d1800 JavaThread "Monitor Ctrl-Break" daemon [_thread_in_native, id=14784, stack(0x000000001dd00000,0x000000001de00000)]
  0x000000001d641000 JavaThread "Service Thread" daemon [_thread_blocked, id=4732, stack(0x000000001da10000,0x000000001db10000)]
  0x000000001bcd4800 JavaThread "C1 CompilerThread2" daemon [_thread_blocked, id=8196, stack(0x000000001d510000,0x000000001d610000)]
  0x000000001bcc5800 JavaThread "C2 CompilerThread1" daemon [_thread_blocked, id=1568, stack(0x000000001d410000,0x000000001d510000)]
  0x000000001bcc2800 JavaThread "C2 CompilerThread0" daemon [_thread_blocked, id=11780, stack(0x000000001d310000,0x000000001d410000)]
  0x000000001bcc0800 JavaThread "Attach Listener" daemon [_thread_blocked, id=15344, stack(0x000000001d210000,0x000000001d310000)]
  0x000000001bcbf000 JavaThread "Signal Dispatcher" daemon [_thread_blocked, id=3076, stack(0x000000001d110000,0x000000001d210000)]
  0x000000001bcaa000 JavaThread "Finalizer" daemon [_thread_blocked, id=5972, stack(0x000000001cf20000,0x000000001d020000)]
  0x0000000002753000 JavaThread "Reference Handler" daemon [_thread_blocked, id=15300, stack(0x000000001ce20000,0x000000001cf20000)]

Other Threads:
  0x000000001bc87800 VMThread [stack: 0x000000001cd20000,0x000000001ce20000] [id=1928]
  0x000000001d671800 WatcherThread [stack: 0x000000001db10000,0x000000001dc10000] [id=13708]

VM state:not at safepoint (normal execution)

VM Mutex/Monitor currently owned by a thread: None

Heap:
 PSYoungGen      total 75776K, used 26989K [0x000000076b780000, 0x0000000770c00000, 0x00000007c0000000)
  eden space 65024K, 41% used [0x000000076b780000,0x000000076d1db6a8,0x000000076f700000)
  from space 10752K, 0% used [0x0000000770180000,0x0000000770180000,0x0000000770c00000)
  to   space 10752K, 0% used [0x000000076f700000,0x000000076f700000,0x0000000770180000)
 ParOldGen       total 173568K, used 0K [0x00000006c2600000, 0x00000006ccf80000, 0x000000076b780000)
  object space 173568K, 0% used [0x00000006c2600000,0x00000006c2600000,0x00000006ccf80000)
 Metaspace       used 8252K, capacity 8371K, committed 8576K, reserved 1056768K
  class space    used 780K, capacity 816K, committed 896K, reserved 1048576K

Card table byte_map: [0x0000000011b20000,0x0000000012310000] byte_map_base: 0x000000000e50d000

Marking Bits: (ParMarkBitMap*) 0x00000000628fb6d0
 Begin Bits: [0x0000000012c60000, 0x0000000016bc8000)
 End Bits:   [0x0000000016bc8000, 0x000000001ab30000)

Polling page: 0x0000000000d40000

CodeCache: size=245760Kb used=3104Kb max_used=3104Kb free=242655Kb
 bounds [0x0000000002760000, 0x0000000002a70000, 0x0000000011760000]
 total_blobs=1202 nmethods=703 adapters=412
 compilation: enabled

Compilation events (10 events):
Event: 2.700 Thread 0x000000001bcd4800  698       3       edu.cornell.gdiac.obstacle.SimpleObstacle::<init> (23 bytes)
Event: 2.700 Thread 0x000000001bcd4800 nmethod 698 0x0000000002a58750 code [0x0000000002a588c0, 0x0000000002a58b88]
Event: 2.700 Thread 0x000000001bcd4800  699       3       edu.cornell.gdiac.obstacle.Obstacle::<init> (160 bytes)
Event: 2.701 Thread 0x000000001bcd4800 nmethod 699 0x0000000002a5ce90 code [0x0000000002a5d0a0, 0x0000000002a5dcd8]
Event: 2.701 Thread 0x000000001bcd4800  700       3       edu.cornell.gdiac.obstacle.SimpleObstacle::setBodyType (24 bytes)
Event: 2.701 Thread 0x000000001bcd4800 nmethod 700 0x0000000002a5e310 code [0x0000000002a5e4a0, 0x0000000002a5e828]
Event: 2.720 Thread 0x000000001bcd4800  701       3       sun.nio.cs.UTF_8$Decoder::decodeArrayLoop (691 bytes)
Event: 2.723 Thread 0x000000001bcd4800 nmethod 701 0x0000000002a5e9d0 code [0x0000000002a5f320, 0x0000000002a65b88]
Event: 2.723 Thread 0x000000001bcd4800  703       3       java.nio.ByteBuffer::allocateDirect (9 bytes)
Event: 2.723 Thread 0x000000001bcd4800 nmethod 703 0x0000000002a6a8d0 code [0x0000000002a6aa40, 0x0000000002a6ac08]

GC Heap History (0 events):
No events

Deoptimization events (10 events):
Event: 0.221 Thread 0x0000000002663800 Uncommon trap: reason=unstable_if action=reinterpret pc=0x00000000028c2c04 method=java.lang.String.indexOf([CII[CIII)I @ 134
Event: 0.221 Thread 0x0000000002663800 Uncommon trap: reason=unstable_if action=reinterpret pc=0x00000000028bdfc4 method=java.lang.String.indexOf([CII[CIII)I @ 123
Event: 0.876 Thread 0x000000001dfeb000 Uncommon trap: reason=class_check action=maybe_recompile pc=0x0000000002a0228c method=com.badlogic.gdx.assets.AssetLoadingTask.handleAsyncLoader()V @ 4
Event: 0.877 Thread 0x000000001dfeb000 Uncommon trap: reason=class_check action=maybe_recompile pc=0x0000000002a0228c method=com.badlogic.gdx.assets.AssetLoadingTask.handleAsyncLoader()V @ 4
Event: 0.891 Thread 0x000000001dfeb000 Uncommon trap: reason=unstable_if action=reinterpret pc=0x0000000002a018e4 method=com.badlogic.gdx.assets.AssetLoadingTask.update()Z @ 17
Event: 0.907 Thread 0x000000001dfeb000 Uncommon trap: reason=class_check action=maybe_recompile pc=0x00000000029fc238 method=com.badlogic.gdx.assets.AssetLoadingTask.handleAsyncLoader()V @ 4
Event: 0.910 Thread 0x000000001dfeb000 Uncommon trap: reason=class_check action=maybe_recompile pc=0x00000000029fc238 method=com.badlogic.gdx.assets.AssetLoadingTask.handleAsyncLoader()V @ 4
Event: 0.924 Thread 0x000000001dfeb000 Uncommon trap: reason=class_check action=maybe_recompile pc=0x00000000029fad8c method=com.badlogic.gdx.assets.AssetLoadingTask.handleAsyncLoader()V @ 4
Event: 1.049 Thread 0x000000001dfeb000 Uncommon trap: reason=intrinsic action=make_not_entrant pc=0x0000000002a1812c method=com.badlogic.gdx.graphics.g2d.freetype.FreeType$Bitmap.getPixmap(Lcom/badlogic/gdx/graphics/Pixmap$Format;Lcom/badlogic/gdx/graphics/Color;F)Lcom/badlogic/gdx/graphics/Pi
Event: 1.079 Thread 0x000000001dfeb000 Uncommon trap: reason=intrinsic action=make_not_entrant pc=0x0000000002a1dad8 method=com.badlogic.gdx.graphics.g2d.freetype.FreeType$Bitmap.getPixmap(Lcom/badlogic/gdx/graphics/Pixmap$Format;Lcom/badlogic/gdx/graphics/Color;F)Lcom/badlogic/gdx/graphics/Pi

Internal exceptions (10 events):
Event: 0.223 Thread 0x0000000002663800 Exception <a 'java/security/PrivilegedActionException'> (0x000000076bf50aa0) thrown at [C:\re\workspace\8-2-build-windows-amd64-cygwin\jdk8u121\8372\hotspot\src\share\vm\prims\jvm.cpp, line 1390]
Event: 0.223 Thread 0x0000000002663800 Exception <a 'java/security/PrivilegedActionException'> (0x000000076bf50cb0) thrown at [C:\re\workspace\8-2-build-windows-amd64-cygwin\jdk8u121\8372\hotspot\src\share\vm\prims\jvm.cpp, line 1390]
Event: 0.224 Thread 0x0000000002663800 Exception <a 'java/security/PrivilegedActionException'> (0x000000076bf54da8) thrown at [C:\re\workspace\8-2-build-windows-amd64-cygwin\jdk8u121\8372\hotspot\src\share\vm\prims\jvm.cpp, line 1390]
Event: 0.224 Thread 0x0000000002663800 Exception <a 'java/security/PrivilegedActionException'> (0x000000076bf54fb8) thrown at [C:\re\workspace\8-2-build-windows-amd64-cygwin\jdk8u121\8372\hotspot\src\share\vm\prims\jvm.cpp, line 1390]
Event: 0.372 Thread 0x0000000002663800 Exception <a 'java/security/PrivilegedActionException'> (0x000000076c169ef0) thrown at [C:\re\workspace\8-2-build-windows-amd64-cygwin\jdk8u121\8372\hotspot\src\share\vm\prims\jvm.cpp, line 1390]
Event: 0.372 Thread 0x0000000002663800 Exception <a 'java/security/PrivilegedActionException'> (0x000000076c16bbc8) thrown at [C:\re\workspace\8-2-build-windows-amd64-cygwin\jdk8u121\8372\hotspot\src\share\vm\prims\jvm.cpp, line 1390]
Event: 0.372 Thread 0x0000000002663800 Exception <a 'java/security/PrivilegedActionException'> (0x000000076c16cd38) thrown at [C:\re\workspace\8-2-build-windows-amd64-cygwin\jdk8u121\8372\hotspot\src\share\vm\prims\jvm.cpp, line 1390]
Event: 0.372 Thread 0x0000000002663800 Exception <a 'java/security/PrivilegedActionException'> (0x000000076c171ea0) thrown at [C:\re\workspace\8-2-build-windows-amd64-cygwin\jdk8u121\8372\hotspot\src\share\vm\prims\jvm.cpp, line 1390]
Event: 0.372 Thread 0x0000000002663800 Exception <a 'java/security/PrivilegedActionException'> (0x000000076c172af8) thrown at [C:\re\workspace\8-2-build-windows-amd64-cygwin\jdk8u121\8372\hotspot\src\share\vm\prims\jvm.cpp, line 1390]
Event: 0.372 Thread 0x0000000002663800 Exception <a 'java/security/PrivilegedActionException'> (0x000000076c173720) thrown at [C:\re\workspace\8-2-build-windows-amd64-cygwin\jdk8u121\8372\hotspot\src\share\vm\prims\jvm.cpp, line 1390]

Events (10 events):
Event: 2.690 loading class com/badlogic/gdx/physics/box2d/ChainShape
Event: 2.690 loading class com/badlogic/gdx/physics/box2d/ChainShape done
Event: 2.691 loading class edu/cornell/gdiac/mistic/BoardModel
Event: 2.691 loading class edu/cornell/gdiac/mistic/BoardModel done
Event: 2.691 loading class edu/cornell/gdiac/mistic/BoardModel$Tile
Event: 2.691 loading class edu/cornell/gdiac/mistic/BoardModel$Tile done
Event: 2.699 loading class edu/cornell/gdiac/mistic/FogController
Event: 2.699 loading class edu/cornell/gdiac/mistic/FogController done
Event: 2.700 loading class com/badlogic/gdx/graphics/FPSLogger
Event: 2.700 loading class com/badlogic/gdx/graphics/FPSLogger done


Dynamic libraries:
0x00007ff634c00000 - 0x00007ff634c37000 	C:\Program Files\Java\jdk1.8.0_121\bin\java.exe
0x00007ffcdb620000 - 0x00007ffcdb7f1000 	C:\WINDOWS\SYSTEM32\ntdll.dll
0x00007ffcdb570000 - 0x00007ffcdb61b000 	C:\WINDOWS\System32\KERNEL32.DLL
0x00007ffcd8580000 - 0x00007ffcd879d000 	C:\WINDOWS\System32\KERNELBASE.dll
0x00007ffcda9a0000 - 0x00007ffcdaa42000 	C:\WINDOWS\System32\ADVAPI32.dll
0x00007ffcdaf60000 - 0x00007ffcdaffe000 	C:\WINDOWS\System32\msvcrt.dll
0x00007ffcda440000 - 0x00007ffcda499000 	C:\WINDOWS\System32\sechost.dll
0x00007ffcd8bb0000 - 0x00007ffcd8cd1000 	C:\WINDOWS\System32\RPCRT4.dll
0x00007ffcdb400000 - 0x00007ffcdb565000 	C:\WINDOWS\System32\USER32.dll
0x00007ffcd8ae0000 - 0x00007ffcd8afe000 	C:\WINDOWS\System32\win32u.dll
0x00007ffcdb3c0000 - 0x00007ffcdb3f4000 	C:\WINDOWS\System32\GDI32.dll
0x00007ffcd7c20000 - 0x00007ffcd7da2000 	C:\WINDOWS\System32\gdi32full.dll
0x00007ffcc7f80000 - 0x00007ffcc81fa000 	C:\WINDOWS\WinSxS\amd64_microsoft.windows.common-controls_6595b64144ccf1df_6.0.14393.953_none_42151e83c686086b\COMCTL32.dll
0x00007ffcdb000000 - 0x00007ffcdb2c8000 	C:\WINDOWS\System32\combase.dll
0x00007ffcd8970000 - 0x00007ffcd8a65000 	C:\WINDOWS\System32\ucrtbase.dll
0x00007ffcd8a70000 - 0x00007ffcd8ada000 	C:\WINDOWS\System32\bcryptPrimitives.dll
0x00007ffcd8cf0000 - 0x00007ffcd8d1e000 	C:\WINDOWS\System32\IMM32.DLL
0x0000000062980000 - 0x0000000062a52000 	C:\Program Files\Java\jdk1.8.0_121\jre\bin\msvcr100.dll
0x00000000620e0000 - 0x000000006297b000 	C:\Program Files\Java\jdk1.8.0_121\jre\bin\server\jvm.dll
0x00007ffcd8ce0000 - 0x00007ffcd8ce8000 	C:\WINDOWS\System32\PSAPI.DLL
0x00007ffcc8200000 - 0x00007ffcc8209000 	C:\WINDOWS\SYSTEM32\WSOCK32.dll
0x00007ffcdae90000 - 0x00007ffcdaefa000 	C:\WINDOWS\System32\WS2_32.dll
0x00007ffcd5f30000 - 0x00007ffcd5f53000 	C:\WINDOWS\SYSTEM32\WINMM.dll
0x00007ffcc8210000 - 0x00007ffcc821a000 	C:\WINDOWS\SYSTEM32\VERSION.dll
0x00007ffcd5ed0000 - 0x00007ffcd5efb000 	C:\WINDOWS\SYSTEM32\WINMMBASE.dll
0x00007ffcd8490000 - 0x00007ffcd84d2000 	C:\WINDOWS\System32\cfgmgr32.dll
0x00000000620d0000 - 0x00000000620df000 	C:\Program Files\Java\jdk1.8.0_121\jre\bin\verify.dll
0x00000000620a0000 - 0x00000000620c9000 	C:\Program Files\Java\jdk1.8.0_121\jre\bin\java.dll
0x0000000062080000 - 0x0000000062096000 	C:\Program Files\Java\jdk1.8.0_121\jre\bin\zip.dll
0x00007ffcd8f20000 - 0x00007ffcda429000 	C:\WINDOWS\System32\SHELL32.dll
0x00007ffcd7db0000 - 0x00007ffcd848a000 	C:\WINDOWS\System32\windows.storage.dll
0x00007ffcd7ab0000 - 0x00007ffcd7afc000 	C:\WINDOWS\System32\powrprof.dll
0x00007ffcd8d20000 - 0x00007ffcd8d72000 	C:\WINDOWS\System32\shlwapi.dll
0x00007ffcd7a80000 - 0x00007ffcd7a8f000 	C:\WINDOWS\System32\kernel.appcore.dll
0x00007ffcd8b00000 - 0x00007ffcd8ba9000 	C:\WINDOWS\System32\shcore.dll
0x00007ffcd7a90000 - 0x00007ffcd7aa4000 	C:\WINDOWS\System32\profapi.dll
0x00007ffcd23a0000 - 0x00007ffcd23b0000 	C:\Program Files (x86)\IntelliJ IDEA\bin\breakgen64.dll
0x0000000062060000 - 0x000000006207a000 	C:\Program Files\Java\jdk1.8.0_121\jre\bin\net.dll
0x00007ffcd7350000 - 0x00007ffcd73ac000 	C:\WINDOWS\system32\mswsock.dll
0x0000000065580000 - 0x0000000065616000 	C:\Users\Altair\AppData\Local\Temp\libgdxAltair\a9daadd6\gdx64.dll
0x00007ffcd74f0000 - 0x00007ffcd7507000 	C:\WINDOWS\SYSTEM32\CRYPTSP.dll
0x00007ffcd6f50000 - 0x00007ffcd6f83000 	C:\WINDOWS\system32\rsaenh.dll
0x00007ffcd79c0000 - 0x00007ffcd79eb000 	C:\WINDOWS\SYSTEM32\bcrypt.dll
0x00007ffcd71d0000 - 0x00007ffcd71ef000 	C:\WINDOWS\SYSTEM32\USERENV.dll
0x00007ffcd79b0000 - 0x00007ffcd79bb000 	C:\WINDOWS\SYSTEM32\CRYPTBASE.dll
0x00007ffcd70d0000 - 0x00007ffcd7108000 	C:\WINDOWS\SYSTEM32\IPHLPAPI.DLL
0x00007ffcdae80000 - 0x00007ffcdae88000 	C:\WINDOWS\System32\NSI.dll
0x00007ffcd3650000 - 0x00007ffcd3666000 	C:\WINDOWS\SYSTEM32\dhcpcsvc6.DLL
0x00007ffcd3c80000 - 0x00007ffcd3c9a000 	C:\WINDOWS\SYSTEM32\dhcpcsvc.DLL
0x0000000062040000 - 0x0000000062051000 	C:\Program Files\Java\jdk1.8.0_121\jre\bin\nio.dll
0x0000000180000000 - 0x0000000180053000 	C:\Users\Altair\AppData\Local\Temp\libgdxAltair\dc0f0009\lwjgl64.dll
0x00007ffcb2f20000 - 0x00007ffcb3043000 	C:\WINDOWS\SYSTEM32\OPENGL32.dll
0x00007ffcb2ef0000 - 0x00007ffcb2f1d000 	C:\WINDOWS\SYSTEM32\GLU32.dll
0x00007ffcb2df0000 - 0x00007ffcb2ee7000 	C:\WINDOWS\SYSTEM32\DDRAW.dll
0x00007ffcb39f0000 - 0x00007ffcb39f8000 	C:\WINDOWS\SYSTEM32\DCIMAN32.dll
0x000000001dc30000 - 0x000000001dc94000 	C:\Users\Altair\AppData\Local\Temp\libgdxAltair\dc0f0009\OpenAL64.dll
0x00007ffcda5a0000 - 0x00007ffcda6d7000 	C:\WINDOWS\System32\ole32.dll
0x00007ffcd6200000 - 0x00007ffcd6295000 	C:\WINDOWS\system32\uxtheme.dll
0x00007ffcb9b50000 - 0x00007ffcb9be8000 	C:\Program Files\Common Files\microsoft shared\ink\tiptsf.dll
0x00007ffcda8e0000 - 0x00007ffcda99f000 	C:\WINDOWS\System32\OLEAUT32.dll
0x00007ffcd84e0000 - 0x00007ffcd857c000 	C:\WINDOWS\System32\msvcp_win.dll
0x00007ffcda840000 - 0x00007ffcda8df000 	C:\WINDOWS\System32\clbcatq.dll
0x00007ffcd54c0000 - 0x00007ffcd5645000 	C:\WINDOWS\System32\PROPSYS.dll
0x00007ffca53b0000 - 0x00007ffca544b000 	C:\WINDOWS\SYSTEM32\dsound.dll
0x00007ffccdd00000 - 0x00007ffccdd71000 	C:\WINDOWS\System32\MMDevApi.dll
0x00007ffcd6720000 - 0x00007ffcd6748000 	C:\WINDOWS\System32\DEVOBJ.dll
0x00007ffcc1cc0000 - 0x00007ffcc1d54000 	C:\WINDOWS\SYSTEM32\AUDIOSES.DLL
0x00007ffcd46a0000 - 0x00007ffcd47d6000 	C:\WINDOWS\SYSTEM32\wintypes.dll
0x00007ffcda6e0000 - 0x00007ffcda83a000 	C:\WINDOWS\System32\MSCTF.dll
0x00007ffcd56f0000 - 0x00007ffcd5716000 	C:\WINDOWS\system32\dwmapi.dll
0x00007ffc90b90000 - 0x00007ffc918da000 	C:\WINDOWS\System32\DriverStore\FileRepository\igdlh64.inf_amd64_2848511bc3f67d29\ig9icd64.dll
0x00007ffcd5490000 - 0x00007ffcd54a3000 	C:\WINDOWS\SYSTEM32\WTSAPI32.dll
0x00007ffc9adc0000 - 0x00007ffc9ae51000 	C:\WINDOWS\SYSTEM32\mscms.dll
0x00007ffcbfb80000 - 0x00007ffcbfbc2000 	C:\WINDOWS\SYSTEM32\icm32.dll
0x00007ffcb9f50000 - 0x00007ffcba0fa000 	C:\Windows\System32\uiautomationcore.dll
0x00007ffcd78b0000 - 0x00007ffcd7948000 	C:\WINDOWS\SYSTEM32\sxs.dll
0x00007ffcb9700000 - 0x00007ffcb9765000 	C:\Windows\System32\OLEACC.dll
0x00007ffcceb50000 - 0x00007ffccfcad000 	C:\WINDOWS\System32\DriverStore\FileRepository\igdlh64.inf_amd64_2848511bc3f67d29\igc64.dll
0x0000000068900000 - 0x0000000068a54000 	C:\Users\Altair\AppData\Local\Temp\libgdxAltair\979e9083\gdx-controllers-desktop64.dll
0x00007ffcbeea0000 - 0x00007ffcbeee0000 	C:\WINDOWS\SYSTEM32\DINPUT8.dll
0x00007ffcd6960000 - 0x00007ffcd696c000 	C:\WINDOWS\SYSTEM32\HID.DLL
0x00007ffcdaa50000 - 0x00007ffcdae79000 	C:\WINDOWS\System32\SETUPAPI.DLL
0x00007ffcd7bc0000 - 0x00007ffcd7c15000 	C:\WINDOWS\System32\WINTRUST.dll
0x00007ffcd7b00000 - 0x00007ffcd7b10000 	C:\WINDOWS\System32\MSASN1.dll
0x00007ffcd87a0000 - 0x00007ffcd8969000 	C:\WINDOWS\System32\CRYPT32.dll
0x0000000066bc0000 - 0x0000000066c7b000 	C:\Users\Altair\AppData\Local\Temp\libgdxAltair\6812b6ed\gdx-box2d64.dll
0x000000006a740000 - 0x000000006a7f1000 	C:\Users\Altair\AppData\Local\Temp\libgdxAltair\c22a49b4\gdx-freetype64.dll
0x00007ffcce450000 - 0x00007ffcce5e2000 	C:\WINDOWS\SYSTEM32\dbghelp.dll

VM Arguments:
jvm_args: -Didea.launcher.port=7535 -Didea.launcher.bin.path=C:\Program Files (x86)\IntelliJ IDEA\bin -Dfile.encoding=UTF-8 
java_command: com.intellij.rt.execution.application.AppMain edu.cornell.gdiac.physics.desktop.DesktopLauncher
java_class_path (initial): C:\Program Files\Java\jdk1.8.0_121\jre\lib\charsets.jar;C:\Program Files\Java\jdk1.8.0_121\jre\lib\deploy.jar;C:\Program Files\Java\jdk1.8.0_121\jre\lib\ext\access-bridge-64.jar;C:\Program Files\Java\jdk1.8.0_121\jre\lib\ext\cldrdata.jar;C:\Program Files\Java\jdk1.8.0_121\jre\lib\ext\dnsns.jar;C:\Program Files\Java\jdk1.8.0_121\jre\lib\ext\jaccess.jar;C:\Program Files\Java\jdk1.8.0_121\jre\lib\ext\jfxrt.jar;C:\Program Files\Java\jdk1.8.0_121\jre\lib\ext\localedata.jar;C:\Program Files\Java\jdk1.8.0_121\jre\lib\ext\nashorn.jar;C:\Program Files\Java\jdk1.8.0_121\jre\lib\ext\sunec.jar;C:\Program Files\Java\jdk1.8.0_121\jre\lib\ext\sunjce_provider.jar;C:\Program Files\Java\jdk1.8.0_121\jre\lib\ext\sunmscapi.jar;C:\Program Files\Java\jdk1.8.0_121\jre\lib\ext\sunpkcs11.jar;C:\Program Files\Java\jdk1.8.0_121\jre\lib\ext\zipfs.jar;C:\Program Files\Java\jdk1.8.0_121\jre\lib\javaws.jar;C:\Program Files\Java\jdk1.8.0_121\jre\lib\jce.jar;C:\Program Files\Java\jdk1.8.0_121\jre\lib\jfr.jar;C:\Program Files\Java\jdk1.8.0_121\jre\lib\jfxswt.jar;C:\Program Files\Java\jdk1.8.0_121\jre\lib\jsse.jar;C:\Program Files\Java\jdk1.8.0_121\jre\lib\management-agent.jar;C:\Program Files\Java\jdk1.8.0_121\jre\lib\plugin.jar;C:\Program Files\Java\jdk1.8.0_121\jre\lib\resources.jar;C:\Program Files\Java\jdk1.8.0_121\jre\lib\rt.jar;C:\Users\Altair\Documents\Game Design\Mistic\desktop\build\classes\main;C:\Users\Altair\Documents\Game Design\Mistic\core\build\classes\main;C:\Users\Altair\.gradle\caches\modules-2\files-2.1\com.badlogicgames.gdx\gdx-backend-lwjgl\1.9.5\ad5223b755809a92f44e7f6208f4af6a3b39dcc0\gdx-backend-lwjgl-1.9.5.jar;C:\Users\Altair\.gradle\caches\modules-2\files-2.1\com.badlogicgames.gdx\gdx-platform\1.9.5\bc0c7ee7fca96eb3c691b5a87cf11fd4d9f1bab6\gdx-platform-1.9.5-natives-desktop.jar;C:\Users\Altair\.gradle\caches\modules-2\files-2.1\com.badlogicgames.gdx\gdx-box2d-platform\1.9.5\949c188c91f775dd9f17725989dfc20e1be44f76\gdx-box2d-platform-1.9.5-native
Launcher Type: SUN_STANDARD

Environment Variables:
PATH=C:\ProgramData\Oracle\Java\javapath;C:\WINDOWS\system32;C:\WINDOWS;C:\WINDOWS\System32\Wbem;C:\WINDOWS\System32\WindowsPowerShell\v1.0\;C:\Program Files\Git\cmd;C:\WINDOWS\system32\config\systemprofile\.dnx\bin;C:\Program Files\Microsoft DNX\Dnvm\;C:\Program Files\Microsoft SQL Server\130\Tools\Binn\;C:\Program Files\Git LFS;C:\Users\Altair\Miniconda3;C:\Users\Altair\Miniconda3\Scripts;C:\Users\Altair\Miniconda3\Library\bin;C:\Users\Altair\AppData\Local\atom\bin;C:\Users\Altair\AppData\Local\Microsoft\WindowsApps;C:\Users\Altair\Documents\CS\lib\glew-2.0.0\bin;C:\Program Files\Autodesk\Maya2017\Python\Lib\site-packages\PIL;C:\Windows\System32;C:\Program Files\Java\jdk1.8.0_121\bin;C:\Program Files\Android\tools;C:\Users\Altair\AppData\Local\Programs\MiKTeX 2.9\miktex\bin\x64\
USERNAME=Altair
OS=Windows_NT
PROCESSOR_IDENTIFIER=Intel64 Family 6 Model 142 Stepping 9, GenuineIntel



---------------  S Y S T E M  ---------------

OS: Windows 10.0 , 64 bit Build 14393 (10.0.14393.0)

CPU:total 4 (2 cores per cpu, 2 threads per core) family 6 model 142 stepping 9, cmov, cx8, fxsr, mmx, sse, sse2, sse3, ssse3, sse4.1, sse4.2, popcnt, avx, avx2, aes, clmul, erms, 3dnowpref, lzcnt, ht, tsc, tscinvbit, bmi1, bmi2, adx

Memory: 4k page, physical 16616460k(9825700k free), swap 19106828k(9886388k free)

vm_info: Java HotSpot(TM) 64-Bit Server VM (25.121-b13) for windows-amd64 JRE (1.8.0_121-b13), built on Dec 12 2016 18:21:36 by "java_re" with MS VC++ 10.0 (VS2010)

time: Wed Mar 22 23:27:28 2017
elapsed time: 2 seconds (0d 0h 0m 2s)

